# JRE version: OpenJDK Runtime Environment (11.0.6+8) (build 11.0.6+8-b765.40)
# Java VM: OpenJDK 64-Bit Server VM (11.0.6+8-b765.40, mixed mode, tiered, compressed oops, concurrent mark sweep gc, linux-amd64)
Heap:
 par new generation   total 39296K, used 28554K [0x00000000c1e00000, 0x00000000c48a0000, 0x00000000d6950000)
  eden space 34944K,  81% used [0x00000000c1e00000, 0x00000000c39d5ff8, 0x00000000c4020000)
  from space 4352K,   1% used [0x00000000c4460000, 0x00000000c446c940, 0x00000000c48a0000)
  to   space 4352K,   0% used [0x00000000c4020000, 0x00000000c4020000, 0x00000000c4460000)
 concurrent mark-sweep generation total 489208K, used 398185K [0x00000000d6950000, 0x00000000f470e000, 0x0000000100000000)
 Metaspace       used 328767K, capacity 341123K, committed 341204K, reserved 1345536K
  class space    used 40494K, capacity 45013K, committed 45048K, reserved 1048576K
GC Heap History (20 events):
Event: 26710.903 GC heap before
{Heap before GC invocations=1097 (full 12):
 par new generation   total 39296K, used 35007K [0x00000000c1e00000, 0x00000000c48a0000, 0x00000000d6950000)
  eden space 34944K, 100% used [0x00000000c1e00000, 0x00000000c4020000, 0x00000000c4020000)
  from space 4352K,   1% used [0x00000000c4460000, 0x00000000c446ff20, 0x00000000c48a0000)
  to   space 4352K,   0% used [0x00000000c4020000, 0x00000000c4020000, 0x00000000c4460000)
 concurrent mark-sweep generation total 489208K, used 398155K [0x00000000d6950000, 0x00000000f470e000, 0x0000000100000000)
 Metaspace       used 328700K, capacity 341043K, committed 341204K, reserved 1345536K
  class space    used 40481K, capacity 45009K, committed 45048K, reserved 1048576K
}
Event: 26710.906 GC heap after
{Heap after GC invocations=1098 (full 12):
 par new generation   total 39296K, used 51K [0x00000000c1e00000, 0x00000000c48a0000, 0x00000000d6950000)
  eden space 34944K,   0% used [0x00000000c1e00000, 0x00000000c1e00000, 0x00000000c4020000)
  from space 4352K,   1% used [0x00000000c4020000, 0x00000000c402ce88, 0x00000000c4460000)
  to   space 4352K,   0% used [0x00000000c4460000, 0x00000000c4460000, 0x00000000c48a0000)
 concurrent mark-sweep generation total 489208K, used 398165K [0x00000000d6950000, 0x00000000f470e000, 0x0000000100000000)
 Metaspace       used 328700K, capacity 341043K, committed 341204K, reserved 1345536K
  class space    used 40481K, capacity 45009K, committed 45048K, reserved 1048576K
}
Event: 26711.151 GC heap before
{Heap before GC invocations=1098 (full 12):
 par new generation   total 39296K, used 34995K [0x00000000c1e00000, 0x00000000c48a0000, 0x00000000d6950000)
  eden space 34944K, 100% used [0x00000000c1e00000, 0x00000000c4020000, 0x00000000c4020000)
  from space 4352K,   1% used [0x00000000c4020000, 0x00000000c402ce88, 0x00000000c4460000)
  to   space 4352K,   0% used [0x00000000c4460000, 0x00000000c4460000, 0x00000000c48a0000)
 concurrent mark-sweep generation total 489208K, used 398165K [0x00000000d6950000, 0x00000000f470e000, 0x0000000100000000)
 Metaspace       used 328700K, capacity 341043K, committed 341204K, reserved 1345536K
  class space    used 40481K, capacity 45009K, committed 45048K, reserved 1048576K
}
Event: 26711.153 GC heap after
{Heap after GC invocations=1099 (full 12):
 par new generation   total 39296K, used 45K [0x00000000c1e00000, 0x00000000c48a0000, 0x00000000d6950000)
  eden space 34944K,   0% used [0x00000000c1e00000, 0x00000000c1e00000, 0x00000000c4020000)
  from space 4352K,   1% used [0x00000000c4460000, 0x00000000c446b6d0, 0x00000000c48a0000)
  to   space 4352K,   0% used [0x00000000c4020000, 0x00000000c4020000, 0x00000000c4460000)
 concurrent mark-sweep generation total 489208K, used 398165K [0x00000000d6950000, 0x00000000f470e000, 0x0000000100000000)
 Metaspace       used 328700K, capacity 341043K, committed 341204K, reserved 1345536K
  class space    used 40481K, capacity 45009K, committed 45048K, reserved 1048576K
}
Event: 26712.542 GC heap before
{Heap before GC invocations=1099 (full 12):
 par new generation   total 39296K, used 34989K [0x00000000c1e00000, 0x00000000c48a0000, 0x00000000d6950000)
  eden space 34944K, 100% used [0x00000000c1e00000, 0x00000000c4020000, 0x00000000c4020000)
  from space 4352K,   1% used [0x00000000c4460000, 0x00000000c446b6d0, 0x00000000c48a0000)
  to   space 4352K,   0% used [0x00000000c4020000, 0x00000000c4020000, 0x00000000c4460000)
 concurrent mark-sweep generation total 489208K, used 398165K [0x00000000d6950000, 0x00000000f470e000, 0x0000000100000000)
 Metaspace       used 328700K, capacity 341043K, committed 341204K, reserved 1345536K
  class space    used 40481K, capacity 45009K, committed 45048K, reserved 1048576K
}
Event: 26712.545 GC heap after
{Heap after GC invocations=1100 (full 12):
 par new generation   total 39296K, used 43K [0x00000000c1e00000, 0x00000000c48a0000, 0x00000000d6950000)
  eden space 34944K,   0% used [0x00000000c1e00000, 0x00000000c1e00000, 0x00000000c4020000)
  from space 4352K,   0% used [0x00000000c4020000, 0x00000000c402ace8, 0x00000000c4460000)
  to   space 4352K,   0% used [0x00000000c4460000, 0x00000000c4460000, 0x00000000c48a0000)
 concurrent mark-sweep generation total 489208K, used 398165K [0x00000000d6950000, 0x00000000f470e000, 0x0000000100000000)
 Metaspace       used 328700K, capacity 341043K, committed 341204K, reserved 1345536K
  class space    used 40481K, capacity 45009K, committed 45048K, reserved 1048576K
}
Event: 26712.771 GC heap before
{Heap before GC invocations=1100 (full 12):
 par new generation   total 39296K, used 34987K [0x00000000c1e00000, 0x00000000c48a0000, 0x00000000d6950000)
  eden space 34944K, 100% used [0x00000000c1e00000, 0x00000000c4020000, 0x00000000c4020000)
  from space 4352K,   0% used [0x00000000c4020000, 0x00000000c402ace8, 0x00000000c4460000)
  to   space 4352K,   0% used [0x00000000c4460000, 0x00000000c4460000, 0x00000000c48a0000)
 concurrent mark-sweep generation total 489208K, used 398165K [0x00000000d6950000, 0x00000000f470e000, 0x0000000100000000)
 Metaspace       used 328700K, capacity 341043K, committed 341204K, reserved 1345536K
  class space    used 40481K, capacity 45009K, committed 45048K, reserved 1048576K
}
Event: 26712.773 GC heap after
{Heap after GC invocations=1101 (full 12):
 par new generation   total 39296K, used 64K [0x00000000c1e00000, 0x00000000c48a0000, 0x00000000d6950000)
  eden space 34944K,   0% used [0x00000000c1e00000, 0x00000000c1e00000, 0x00000000c4020000)
  from space 4352K,   1% used [0x00000000c4460000, 0x00000000c4470178, 0x00000000c48a0000)
  to   space 4352K,   0% used [0x00000000c4020000, 0x00000000c4020000, 0x00000000c4460000)
 concurrent mark-sweep generation total 489208K, used 398165K [0x00000000d6950000, 0x00000000f470e000, 0x0000000100000000)
 Metaspace       used 328700K, capacity 341043K, committed 341204K, reserved 1345536K
  class space    used 40481K, capacity 45009K, committed 45048K, reserved 1048576K
}
Event: 26712.986 GC heap before
{Heap before GC invocations=1101 (full 12):
 par new generation   total 39296K, used 35008K [0x00000000c1e00000, 0x00000000c48a0000, 0x00000000d6950000)
  eden space 34944K, 100% used [0x00000000c1e00000, 0x00000000c4020000, 0x00000000c4020000)
  from space 4352K,   1% used [0x00000000c4460000, 0x00000000c4470178, 0x00000000c48a0000)
  to   space 4352K,   0% used [0x00000000c4020000, 0x00000000c4020000, 0x00000000c4460000)
 concurrent mark-sweep generation total 489208K, used 398165K [0x00000000d6950000, 0x00000000f470e000, 0x0000000100000000)
 Metaspace       used 328700K, capacity 341043K, committed 341204K, reserved 1345536K
  class space    used 40481K, capacity 45009K, committed 45048K, reserved 1048576K
}
Event: 26712.988 GC heap after
{Heap after GC invocations=1102 (full 12):
 par new generation   total 39296K, used 50K [0x00000000c1e00000, 0x00000000c48a0000, 0x00000000d6950000)
  eden space 34944K,   0% used [0x00000000c1e00000, 0x00000000c1e00000, 0x00000000c4020000)
  from space 4352K,   1% used [0x00000000c4020000, 0x00000000c402c858, 0x00000000c4460000)
  to   space 4352K,   0% used [0x00000000c4460000, 0x00000000c4460000, 0x00000000c48a0000)
 concurrent mark-sweep generation total 489208K, used 398175K [0x00000000d6950000, 0x00000000f470e000, 0x0000000100000000)
 Metaspace       used 328700K, capacity 341043K, committed 341204K, reserved 1345536K
  class space    used 40481K, capacity 45009K, committed 45048K, reserved 1048576K
}
Event: 26713.199 GC heap before
{Heap before GC invocations=1102 (full 12):
 par new generation   total 39296K, used 34994K [0x00000000c1e00000, 0x00000000c48a0000, 0x00000000d6950000)
  eden space 34944K, 100% used [0x00000000c1e00000, 0x00000000c4020000, 0x00000000c4020000)
  from space 4352K,   1% used [0x00000000c4020000, 0x00000000c402c858, 0x00000000c4460000)
  to   space 4352K,   0% used [0x00000000c4460000, 0x00000000c4460000, 0x00000000c48a0000)
 concurrent mark-sweep generation total 489208K, used 398175K [0x00000000d6950000, 0x00000000f470e000, 0x0000000100000000)
 Metaspace       used 328700K, capacity 341043K, committed 341204K, reserved 1345536K
  class space    used 40481K, capacity 45009K, committed 45048K, reserved 1048576K
}
Event: 26713.201 GC heap after
{Heap after GC invocations=1103 (full 12):
 par new generation   total 39296K, used 43K [0x00000000c1e00000, 0x00000000c48a0000, 0x00000000d6950000)
  eden space 34944K,   0% used [0x00000000c1e00000, 0x00000000c1e00000, 0x00000000c4020000)
  from space 4352K,   1% used [0x00000000c4460000, 0x00000000c446af80, 0x00000000c48a0000)
  to   space 4352K,   0% used [0x00000000c4020000, 0x00000000c4020000, 0x00000000c4460000)
 concurrent mark-sweep generation total 489208K, used 398175K [0x00000000d6950000, 0x00000000f470e000, 0x0000000100000000)
 Metaspace       used 328700K, capacity 341043K, committed 341204K, reserved 1345536K
  class space    used 40481K, capacity 45009K, committed 45048K, reserved 1048576K
}
Event: 26715.541 GC heap before
{Heap before GC invocations=1103 (full 12):
 par new generation   total 39296K, used 34987K [0x00000000c1e00000, 0x00000000c48a0000, 0x00000000d6950000)
  eden space 34944K, 100% used [0x00000000c1e00000, 0x00000000c4020000, 0x00000000c4020000)
  from space 4352K,   1% used [0x00000000c4460000, 0x00000000c446af80, 0x00000000c48a0000)
  to   space 4352K,   0% used [0x00000000c4020000, 0x00000000c4020000, 0x00000000c4460000)
 concurrent mark-sweep generation total 489208K, used 398175K [0x00000000d6950000, 0x00000000f470e000, 0x0000000100000000)
 Metaspace       used 328700K, capacity 341043K, committed 341204K, reserved 1345536K
  class space    used 40481K, capacity 45009K, committed 45048K, reserved 1048576K
}
Event: 26715.543 GC heap after
{Heap after GC invocations=1104 (full 12):
 par new generation   total 39296K, used 40K [0x00000000c1e00000, 0x00000000c48a0000, 0x00000000d6950000)
  eden space 34944K,   0% used [0x00000000c1e00000, 0x00000000c1e00000, 0x00000000c4020000)
  from space 4352K,   0% used [0x00000000c4020000, 0x00000000c402a168, 0x00000000c4460000)
  to   space 4352K,   0% used [0x00000000c4460000, 0x00000000c4460000, 0x00000000c48a0000)
 concurrent mark-sweep generation total 489208K, used 398175K [0x00000000d6950000, 0x00000000f470e000, 0x0000000100000000)
 Metaspace       used 328700K, capacity 341043K, committed 341204K, reserved 1345536K
  class space    used 40481K, capacity 45009K, committed 45048K, reserved 1048576K
}
Event: 26715.796 GC heap before
{Heap before GC invocations=1104 (full 12):
 par new generation   total 39296K, used 34845K [0x00000000c1e00000, 0x00000000c48a0000, 0x00000000d6950000)
  eden space 34944K,  99% used [0x00000000c1e00000, 0x00000000c3ffd688, 0x00000000c4020000)
  from space 4352K,   0% used [0x00000000c4020000, 0x00000000c402a168, 0x00000000c4460000)
  to   space 4352K,   0% used [0x00000000c4460000, 0x00000000c4460000, 0x00000000c48a0000)
 concurrent mark-sweep generation total 489208K, used 398175K [0x00000000d6950000, 0x00000000f470e000, 0x0000000100000000)
 Metaspace       used 328700K, capacity 341043K, committed 341204K, reserved 1345536K
  class space    used 40481K, capacity 45009K, committed 45048K, reserved 1048576K
}
Event: 26715.799 GC heap after
{Heap after GC invocations=1105 (full 12):
 par new generation   total 39296K, used 322K [0x00000000c1e00000, 0x00000000c48a0000, 0x00000000d6950000)
  eden space 34944K,   0% used [0x00000000c1e00000, 0x00000000c1e00000, 0x00000000c4020000)
  from space 4352K,   7% used [0x00000000c4460000, 0x00000000c44b0970, 0x00000000c48a0000)
  to   space 4352K,   0% used [0x00000000c4020000, 0x00000000c4020000, 0x00000000c4460000)
 concurrent mark-sweep generation total 489208K, used 398175K [0x00000000d6950000, 0x00000000f470e000, 0x0000000100000000)
 Metaspace       used 328700K, capacity 341043K, committed 341204K, reserved 1345536K
  class space    used 40481K, capacity 45009K, committed 45048K, reserved 1048576K
}
Event: 26715.987 GC heap before
{Heap before GC invocations=1105 (full 12):
 par new generation   total 39296K, used 35266K [0x00000000c1e00000, 0x00000000c48a0000, 0x00000000d6950000)
  eden space 34944K, 100% used [0x00000000c1e00000, 0x00000000c4020000, 0x00000000c4020000)
  from space 4352K,   7% used [0x00000000c4460000, 0x00000000c44b0970, 0x00000000c48a0000)
  to   space 4352K,   0% used [0x00000000c4020000, 0x00000000c4020000, 0x00000000c4460000)
 concurrent mark-sweep generation total 489208K, used 398175K [0x00000000d6950000, 0x00000000f470e000, 0x0000000100000000)
 Metaspace       used 328700K, capacity 341043K, committed 341204K, reserved 1345536K
  class space    used 40481K, capacity 45009K, committed 45048K, reserved 1048576K
}
Event: 26715.989 GC heap after
{Heap after GC invocations=1106 (full 12):
 par new generation   total 39296K, used 54K [0x00000000c1e00000, 0x00000000c48a0000, 0x00000000d6950000)
  eden space 34944K,   0% used [0x00000000c1e00000, 0x00000000c1e00000, 0x00000000c4020000)
  from space 4352K,   1% used [0x00000000c4020000, 0x00000000c402d900, 0x00000000c4460000)
  to   space 4352K,   0% used [0x00000000c4460000, 0x00000000c4460000, 0x00000000c48a0000)
 concurrent mark-sweep generation total 489208K, used 398185K [0x00000000d6950000, 0x00000000f470e000, 0x0000000100000000)
 Metaspace       used 328700K, capacity 341043K, committed 341204K, reserved 1345536K
  class space    used 40481K, capacity 45009K, committed 45048K, reserved 1048576K
}
Event: 26716.201 GC heap before
{Heap before GC invocations=1106 (full 12):
 par new generation   total 39296K, used 34998K [0x00000000c1e00000, 0x00000000c48a0000, 0x00000000d6950000)
  eden space 34944K, 100% used [0x00000000c1e00000, 0x00000000c4020000, 0x00000000c4020000)
  from space 4352K,   1% used [0x00000000c4020000, 0x00000000c402d900, 0x00000000c4460000)
  to   space 4352K,   0% used [0x00000000c4460000, 0x00000000c4460000, 0x00000000c48a0000)
 concurrent mark-sweep generation total 489208K, used 398185K [0x00000000d6950000, 0x00000000f470e000, 0x0000000100000000)
 Metaspace       used 328700K, capacity 341043K, committed 341204K, reserved 1345536K
  class space    used 40481K, capacity 45009K, committed 45048K, reserved 1048576K
}
Event: 26716.203 GC heap after
{Heap after GC invocations=1107 (full 12):
 par new generation   total 39296K, used 50K [0x00000000c1e00000, 0x00000000c48a0000, 0x00000000d6950000)
  eden space 34944K,   0% used [0x00000000c1e00000, 0x00000000c1e00000, 0x00000000c4020000)
  from space 4352K,   1% used [0x00000000c4460000, 0x00000000c446c940, 0x00000000c48a0000)
  to   space 4352K,   0% used [0x00000000c4020000, 0x00000000c4020000, 0x00000000c4460000)
 concurrent mark-sweep generation total 489208K, used 398185K [0x00000000d6950000, 0x00000000f470e000, 0x0000000100000000)
 Metaspace       used 328700K, capacity 341043K, committed 341204K, reserved 1345536K
  class space    used 40481K, capacity 45009K, committed 45048K, reserved 1048576K
}

# JRE version: OpenJDK Runtime Environment (11.0.6+8) (build 11.0.6+8-b765.40)
# Java VM: OpenJDK 64-Bit Server VM (11.0.6+8-b765.40, mixed mode, tiered, compressed oops, concurrent mark sweep gc, linux-amd64)
Heap:
 par new generation   total 39296K, used 28554K [0x00000000c1e00000, 0x00000000c48a0000, 0x00000000d6950000)
  eden space 34944K,  81% used [0x00000000c1e00000, 0x00000000c39d5ff8, 0x00000000c4020000)
  from space 4352K,   1% used [0x00000000c4460000, 0x00000000c446c940, 0x00000000c48a0000)
  to   space 4352K,   0% used [0x00000000c4020000, 0x00000000c4020000, 0x00000000c4460000)
 concurrent mark-sweep generation total 489208K, used 398185K [0x00000000d6950000, 0x00000000f470e000, 0x0000000100000000)
 Metaspace       used 328767K, capacity 341123K, committed 341204K, reserved 1345536K
  class space    used 40494K, capacity 45013K, committed 45048K, reserved 1048576K
GC Heap History (20 events):
Event: 26710.903 GC heap before
{Heap before GC invocations=1097 (full 12):
 par new generation   total 39296K, used 35007K [0x00000000c1e00000, 0x00000000c48a0000, 0x00000000d6950000)
  eden space 34944K, 100% used [0x00000000c1e00000, 0x00000000c4020000, 0x00000000c4020000)
  from space 4352K,   1% used [0x00000000c4460000, 0x00000000c446ff20, 0x00000000c48a0000)
  to   space 4352K,   0% used [0x00000000c4020000, 0x00000000c4020000, 0x00000000c4460000)
 concurrent mark-sweep generation total 489208K, used 398155K [0x00000000d6950000, 0x00000000f470e000, 0x0000000100000000)
 Metaspace       used 328700K, capacity 341043K, committed 341204K, reserved 1345536K
  class space    used 40481K, capacity 45009K, committed 45048K, reserved 1048576K
}
Event: 26710.906 GC heap after
{Heap after GC invocations=1098 (full 12):
 par new generation   total 39296K, used 51K [0x00000000c1e00000, 0x00000000c48a0000, 0x00000000d6950000)
  eden space 34944K,   0% used [0x00000000c1e00000, 0x00000000c1e00000, 0x00000000c4020000)
  from space 4352K,   1% used [0x00000000c4020000, 0x00000000c402ce88, 0x00000000c4460000)
  to   space 4352K,   0% used [0x00000000c4460000, 0x00000000c4460000, 0x00000000c48a0000)
 concurrent mark-sweep generation total 489208K, used 398165K [0x00000000d6950000, 0x00000000f470e000, 0x0000000100000000)
 Metaspace       used 328700K, capacity 341043K, committed 341204K, reserved 1345536K
  class space    used 40481K, capacity 45009K, committed 45048K, reserved 1048576K
}
Event: 26711.151 GC heap before
{Heap before GC invocations=1098 (full 12):
 par new generation   total 39296K, used 34995K [0x00000000c1e00000, 0x00000000c48a0000, 0x00000000d6950000)
  eden space 34944K, 100% used [0x00000000c1e00000, 0x00000000c4020000, 0x00000000c4020000)
  from space 4352K,   1% used [0x00000000c4020000, 0x00000000c402ce88, 0x00000000c4460000)
  to   space 4352K,   0% used [0x00000000c4460000, 0x00000000c4460000, 0x00000000c48a0000)
 concurrent mark-sweep generation total 489208K, used 398165K [0x00000000d6950000, 0x00000000f470e000, 0x0000000100000000)
 Metaspace       used 328700K, capacity 341043K, committed 341204K, reserved 1345536K
  class space    used 40481K, capacity 45009K, committed 45048K, reserved 1048576K
}
Event: 26711.153 GC heap after
{Heap after GC invocations=1099 (full 12):
 par new generation   total 39296K, used 45K [0x00000000c1e00000, 0x00000000c48a0000, 0x00000000d6950000)
  eden space 34944K,   0% used [0x00000000c1e00000, 0x00000000c1e00000, 0x00000000c4020000)
  from space 4352K,   1% used [0x00000000c4460000, 0x00000000c446b6d0, 0x00000000c48a0000)
  to   space 4352K,   0% used [0x00000000c4020000, 0x00000000c4020000, 0x00000000c4460000)
 concurrent mark-sweep generation total 489208K, used 398165K [0x00000000d6950000, 0x00000000f470e000, 0x0000000100000000)
 Metaspace       used 328700K, capacity 341043K, committed 341204K, reserved 1345536K
  class space    used 40481K, capacity 45009K, committed 45048K, reserved 1048576K
}
Event: 26712.542 GC heap before
{Heap before GC invocations=1099 (full 12):
 par new generation   total 39296K, used 34989K [0x00000000c1e00000, 0x00000000c48a0000, 0x00000000d6950000)
  eden space 34944K, 100% used [0x00000000c1e00000, 0x00000000c4020000, 0x00000000c4020000)
  from space 4352K,   1% used [0x00000000c4460000, 0x00000000c446b6d0, 0x00000000c48a0000)
  to   space 4352K,   0% used [0x00000000c4020000, 0x00000000c4020000, 0x00000000c4460000)
 concurrent mark-sweep generation total 489208K, used 398165K [0x00000000d6950000, 0x00000000f470e000, 0x0000000100000000)
 Metaspace       used 328700K, capacity 341043K, committed 341204K, reserved 1345536K
  class space    used 40481K, capacity 45009K, committed 45048K, reserved 1048576K
}
Event: 26712.545 GC heap after
{Heap after GC invocations=1100 (full 12):
 par new generation   total 39296K, used 43K [0x00000000c1e00000, 0x00000000c48a0000, 0x00000000d6950000)
  eden space 34944K,   0% used [0x00000000c1e00000, 0x00000000c1e00000, 0x00000000c4020000)
  from space 4352K,   0% used [0x00000000c4020000, 0x00000000c402ace8, 0x00000000c4460000)
  to   space 4352K,   0% used [0x00000000c4460000, 0x00000000c4460000, 0x00000000c48a0000)
 concurrent mark-sweep generation total 489208K, used 398165K [0x00000000d6950000, 0x00000000f470e000, 0x0000000100000000)
 Metaspace       used 328700K, capacity 341043K, committed 341204K, reserved 1345536K
  class space    used 40481K, capacity 45009K, committed 45048K, reserved 1048576K
}
Event: 26712.771 GC heap before
{Heap before GC invocations=1100 (full 12):
 par new generation   total 39296K, used 34987K [0x00000000c1e00000, 0x00000000c48a0000, 0x00000000d6950000)
  eden space 34944K, 100% used [0x00000000c1e00000, 0x00000000c4020000, 0x00000000c4020000)
  from space 4352K,   0% used [0x00000000c4020000, 0x00000000c402ace8, 0x00000000c4460000)
  to   space 4352K,   0% used [0x00000000c4460000, 0x00000000c4460000, 0x00000000c48a0000)
 concurrent mark-sweep generation total 489208K, used 398165K [0x00000000d6950000, 0x00000000f470e000, 0x0000000100000000)
 Metaspace       used 328700K, capacity 341043K, committed 341204K, reserved 1345536K
  class space    used 40481K, capacity 45009K, committed 45048K, reserved 1048576K
}
Event: 26712.773 GC heap after
{Heap after GC invocations=1101 (full 12):
 par new generation   total 39296K, used 64K [0x00000000c1e00000, 0x00000000c48a0000, 0x00000000d6950000)
  eden space 34944K,   0% used [0x00000000c1e00000, 0x00000000c1e00000, 0x00000000c4020000)
  from space 4352K,   1% used [0x00000000c4460000, 0x00000000c4470178, 0x00000000c48a0000)
  to   space 4352K,   0% used [0x00000000c4020000, 0x00000000c4020000, 0x00000000c4460000)
 concurrent mark-sweep generation total 489208K, used 398165K [0x00000000d6950000, 0x00000000f470e000, 0x0000000100000000)
 Metaspace       used 328700K, capacity 341043K, committed 341204K, reserved 1345536K
  class space    used 40481K, capacity 45009K, committed 45048K, reserved 1048576K
}
Event: 26712.986 GC heap before
{Heap before GC invocations=1101 (full 12):
 par new generation   total 39296K, used 35008K [0x00000000c1e00000, 0x00000000c48a0000, 0x00000000d6950000)
  eden space 34944K, 100% used [0x00000000c1e00000, 0x00000000c4020000, 0x00000000c4020000)
  from space 4352K,   1% used [0x00000000c4460000, 0x00000000c4470178, 0x00000000c48a0000)
  to   space 4352K,   0% used [0x00000000c4020000, 0x00000000c4020000, 0x00000000c4460000)
 concurrent mark-sweep generation total 489208K, used 398165K [0x00000000d6950000, 0x00000000f470e000, 0x0000000100000000)
 Metaspace       used 328700K, capacity 341043K, committed 341204K, reserved 1345536K
  class space    used 40481K, capacity 45009K, committed 45048K, reserved 1048576K
}
Event: 26712.988 GC heap after
{Heap after GC invocations=1102 (full 12):
 par new generation   total 39296K, used 50K [0x00000000c1e00000, 0x00000000c48a0000, 0x00000000d6950000)
  eden space 34944K,   0% used [0x00000000c1e00000, 0x00000000c1e00000, 0x00000000c4020000)
  from space 4352K,   1% used [0x00000000c4020000, 0x00000000c402c858, 0x00000000c4460000)
  to   space 4352K,   0% used [0x00000000c4460000, 0x00000000c4460000, 0x00000000c48a0000)
 concurrent mark-sweep generation total 489208K, used 398175K [0x00000000d6950000, 0x00000000f470e000, 0x0000000100000000)
 Metaspace       used 328700K, capacity 341043K, committed 341204K, reserved 1345536K
  class space    used 40481K, capacity 45009K, committed 45048K, reserved 1048576K
}
Event: 26713.199 GC heap before
{Heap before GC invocations=1102 (full 12):
 par new generation   total 39296K, used 34994K [0x00000000c1e00000, 0x00000000c48a0000, 0x00000000d6950000)
  eden space 34944K, 100% used [0x00000000c1e00000, 0x00000000c4020000, 0x00000000c4020000)
  from space 4352K,   1% used [0x00000000c4020000, 0x00000000c402c858, 0x00000000c4460000)
  to   space 4352K,   0% used [0x00000000c4460000, 0x00000000c4460000, 0x00000000c48a0000)
 concurrent mark-sweep generation total 489208K, used 398175K [0x00000000d6950000, 0x00000000f470e000, 0x0000000100000000)
 Metaspace       used 328700K, capacity 341043K, committed 341204K, reserved 1345536K
  class space    used 40481K, capacity 45009K, committed 45048K, reserved 1048576K
}
Event: 26713.201 GC heap after
{Heap after GC invocations=1103 (full 12):
 par new generation   total 39296K, used 43K [0x00000000c1e00000, 0x00000000c48a0000, 0x00000000d6950000)
  eden space 34944K,   0% used [0x00000000c1e00000, 0x00000000c1e00000, 0x00000000c4020000)
  from space 4352K,   1% used [0x00000000c4460000, 0x00000000c446af80, 0x00000000c48a0000)
  to   space 4352K,   0% used [0x00000000c4020000, 0x00000000c4020000, 0x00000000c4460000)
 concurrent mark-sweep generation total 489208K, used 398175K [0x00000000d6950000, 0x00000000f470e000, 0x0000000100000000)
 Metaspace       used 328700K, capacity 341043K, committed 341204K, reserved 1345536K
  class space    used 40481K, capacity 45009K, committed 45048K, reserved 1048576K
}
Event: 26715.541 GC heap before
{Heap before GC invocations=1103 (full 12):
 par new generation   total 39296K, used 34987K [0x00000000c1e00000, 0x00000000c48a0000, 0x00000000d6950000)
  eden space 34944K, 100% used [0x00000000c1e00000, 0x00000000c4020000, 0x00000000c4020000)
  from space 4352K,   1% used [0x00000000c4460000, 0x00000000c446af80, 0x00000000c48a0000)
  to   space 4352K,   0% used [0x00000000c4020000, 0x00000000c4020000, 0x00000000c4460000)
 concurrent mark-sweep generation total 489208K, used 398175K [0x00000000d6950000, 0x00000000f470e000, 0x0000000100000000)
 Metaspace       used 328700K, capacity 341043K, committed 341204K, reserved 1345536K
  class space    used 40481K, capacity 45009K, committed 45048K, reserved 1048576K
}
Event: 26715.543 GC heap after
{Heap after GC invocations=1104 (full 12):
 par new generation   total 39296K, used 40K [0x00000000c1e00000, 0x00000000c48a0000, 0x00000000d6950000)
  eden space 34944K,   0% used [0x00000000c1e00000, 0x00000000c1e00000, 0x00000000c4020000)
  from space 4352K,   0% used [0x00000000c4020000, 0x00000000c402a168, 0x00000000c4460000)
  to   space 4352K,   0% used [0x00000000c4460000, 0x00000000c4460000, 0x00000000c48a0000)
 concurrent mark-sweep generation total 489208K, used 398175K [0x00000000d6950000, 0x00000000f470e000, 0x0000000100000000)
 Metaspace       used 328700K, capacity 341043K, committed 341204K, reserved 1345536K
  class space    used 40481K, capacity 45009K, committed 45048K, reserved 1048576K
}
Event: 26715.796 GC heap before
{Heap before GC invocations=1104 (full 12):
 par new generation   total 39296K, used 34845K [0x00000000c1e00000, 0x00000000c48a0000, 0x00000000d6950000)
  eden space 34944K,  99% used [0x00000000c1e00000, 0x00000000c3ffd688, 0x00000000c4020000)
  from space 4352K,   0% used [0x00000000c4020000, 0x00000000c402a168, 0x00000000c4460000)
  to   space 4352K,   0% used [0x00000000c4460000, 0x00000000c4460000, 0x00000000c48a0000)
 concurrent mark-sweep generation total 489208K, used 398175K [0x00000000d6950000, 0x00000000f470e000, 0x0000000100000000)
 Metaspace       used 328700K, capacity 341043K, committed 341204K, reserved 1345536K
  class space    used 40481K, capacity 45009K, committed 45048K, reserved 1048576K
}
Event: 26715.799 GC heap after
{Heap after GC invocations=1105 (full 12):
 par new generation   total 39296K, used 322K [0x00000000c1e00000, 0x00000000c48a0000, 0x00000000d6950000)
  eden space 34944K,   0% used [0x00000000c1e00000, 0x00000000c1e00000, 0x00000000c4020000)
  from space 4352K,   7% used [0x00000000c4460000, 0x00000000c44b0970, 0x00000000c48a0000)
  to   space 4352K,   0% used [0x00000000c4020000, 0x00000000c4020000, 0x00000000c4460000)
 concurrent mark-sweep generation total 489208K, used 398175K [0x00000000d6950000, 0x00000000f470e000, 0x0000000100000000)
 Metaspace       used 328700K, capacity 341043K, committed 341204K, reserved 1345536K
  class space    used 40481K, capacity 45009K, committed 45048K, reserved 1048576K
}
Event: 26715.987 GC heap before
{Heap before GC invocations=1105 (full 12):
 par new generation   total 39296K, used 35266K [0x00000000c1e00000, 0x00000000c48a0000, 0x00000000d6950000)
  eden space 34944K, 100% used [0x00000000c1e00000, 0x00000000c4020000, 0x00000000c4020000)
  from space 4352K,   7% used [0x00000000c4460000, 0x00000000c44b0970, 0x00000000c48a0000)
  to   space 4352K,   0% used [0x00000000c4020000, 0x00000000c4020000, 0x00000000c4460000)
 concurrent mark-sweep generation total 489208K, used 398175K [0x00000000d6950000, 0x00000000f470e000, 0x0000000100000000)
 Metaspace       used 328700K, capacity 341043K, committed 341204K, reserved 1345536K
  class space    used 40481K, capacity 45009K, committed 45048K, reserved 1048576K
}
Event: 26715.989 GC heap after
{Heap after GC invocations=1106 (full 12):
 par new generation   total 39296K, used 54K [0x00000000c1e00000, 0x00000000c48a0000, 0x00000000d6950000)
  eden space 34944K,   0% used [0x00000000c1e00000, 0x00000000c1e00000, 0x00000000c4020000)
  from space 4352K,   1% used [0x00000000c4020000, 0x00000000c402d900, 0x00000000c4460000)
  to   space 4352K,   0% used [0x00000000c4460000, 0x00000000c4460000, 0x00000000c48a0000)
 concurrent mark-sweep generation total 489208K, used 398185K [0x00000000d6950000, 0x00000000f470e000, 0x0000000100000000)
 Metaspace       used 328700K, capacity 341043K, committed 341204K, reserved 1345536K
  class space    used 40481K, capacity 45009K, committed 45048K, reserved 1048576K
}
Event: 26716.201 GC heap before
{Heap before GC invocations=1106 (full 12):
 par new generation   total 39296K, used 34998K [0x00000000c1e00000, 0x00000000c48a0000, 0x00000000d6950000)
  eden space 34944K, 100% used [0x00000000c1e00000, 0x00000000c4020000, 0x00000000c4020000)
  from space 4352K,   1% used [0x00000000c4020000, 0x00000000c402d900, 0x00000000c4460000)
  to   space 4352K,   0% used [0x00000000c4460000, 0x00000000c4460000, 0x00000000c48a0000)
 concurrent mark-sweep generation total 489208K, used 398185K [0x00000000d6950000, 0x00000000f470e000, 0x0000000100000000)
 Metaspace       used 328700K, capacity 341043K, committed 341204K, reserved 1345536K
  class space    used 40481K, capacity 45009K, committed 45048K, reserved 1048576K
}
Event: 26716.203 GC heap after
{Heap after GC invocations=1107 (full 12):
 par new generation   total 39296K, used 50K [0x00000000c1e00000, 0x00000000c48a0000, 0x00000000d6950000)
  eden space 34944K,   0% used [0x00000000c1e00000, 0x00000000c1e00000, 0x00000000c4020000)
  from space 4352K,   1% used [0x00000000c4460000, 0x00000000c446c940, 0x00000000c48a0000)
  to   space 4352K,   0% used [0x00000000c4020000, 0x00000000c4020000, 0x00000000c4460000)
 concurrent mark-sweep generation total 489208K, used 398185K [0x00000000d6950000, 0x00000000f470e000, 0x0000000100000000)
 Metaspace       used 328700K, capacity 341043K, committed 341204K, reserved 1345536K
  class space    used 40481K, capacity 45009K, committed 45048K, reserved 1048576K
}

